[frontend.big-skins.com/goodwin-html-demo/index.html]
[backblue.gif]
[fade.gif]
[index.html]
[frontend.big-skins.com/goodwin-html-demo/images/favicon.ico]
[frontend.big-skins.com/goodwin-html-demo/js/vendor/slick/slick.min.css]
[frontend.big-skins.com/goodwin-html-demo/js/vendor/bootstrap/bootstrap.min.css]
[frontend.big-skins.com/goodwin-html-demo/js/vendor/fancybox/jquery.fancybox.min.css]
[frontend.big-skins.com/goodwin-html-demo/js/vendor/animate/animate.min.css]
[frontend.big-skins.com/goodwin-html-demo/fonts/icomoon/icomoon.css]
[frontend.big-skins.com/goodwin-html-demo/images/promo-topline-bg.png]
[frontend.big-skins.com/goodwin-html-demo/css/style-light.css]
[frontend.big-skins.com/goodwin-html-demo/index-2.html]
[frontend.big-skins.com/goodwin-html-demo/index-fashion-2.html]
[frontend.big-skins.com/goodwin-html-demo/index-electronics.html]
[frontend.big-skins.com/goodwin-html-demo/index-electronics-2.html]
[frontend.big-skins.com/goodwin-html-demo/index-furniture.html]
[frontend.big-skins.com/goodwin-html-demo/index-nutrition.html]
[frontend.big-skins.com/goodwin-html-demo/index-sport.html]
[frontend.big-skins.com/goodwin-html-demo/index-tools.html]
[frontend.big-skins.com/goodwin-html-demo/index-watches.html]
[frontend.big-skins.com/goodwin-html-demo/index-tshirts.html]
[frontend.big-skins.com/goodwin-html-demo/index-toys.html]
[frontend.big-skins.com/goodwin-html-demo/index-plumbing.html]
[frontend.big-skins.com/goodwin-html-demo/index-rtl.html]
[frontend.big-skins.com/goodwin-html-demo/product.html]
[frontend.big-skins.com/goodwin-html-demo/product-2.html]
[frontend.big-skins.com/goodwin-html-demo/product-3.html]
[frontend.big-skins.com/goodwin-html-demo/product-4.html]
[frontend.big-skins.com/goodwin-html-demo/product-5.html]
[frontend.big-skins.com/goodwin-html-demo/category.html]
[frontend.big-skins.com/goodwin-html-demo/category-with-description.html]
[frontend.big-skins.com/goodwin-html-demo/category-right-column.html]
[frontend.big-skins.com/goodwin-html-demo/category-no-filters.html]
[frontend.big-skins.com/goodwin-html-demo/category-empty.html]
[frontend.big-skins.com/goodwin-html-demo/cart.html]
[frontend.big-skins.com/goodwin-html-demo/cart-2.html]
[frontend.big-skins.com/goodwin-html-demo/checkout.html]
[frontend.big-skins.com/goodwin-html-demo/checkout-2.html]
[frontend.big-skins.com/goodwin-html-demo/checkout-3.html]
[frontend.big-skins.com/goodwin-html-demo/account-create.html]
[frontend.big-skins.com/goodwin-html-demo/login.html]
[frontend.big-skins.com/goodwin-html-demo/account-details.html]
[frontend.big-skins.com/goodwin-html-demo/account-addresses.html]
[frontend.big-skins.com/goodwin-html-demo/account-wishlist.html]
[frontend.big-skins.com/goodwin-html-demo/account-history.html]
[frontend.big-skins.com/goodwin-html-demo/blog.html]
[frontend.big-skins.com/goodwin-html-demo/blog-left-column.html]
[frontend.big-skins.com/goodwin-html-demo/blog-fixed-column.html]
[frontend.big-skins.com/goodwin-html-demo/blog-grid-2.html]
[frontend.big-skins.com/goodwin-html-demo/blog-grid-3.html]
[frontend.big-skins.com/goodwin-html-demo/blog-grid-4.html]
[frontend.big-skins.com/goodwin-html-demo/blog-post.html]
[frontend.big-skins.com/goodwin-html-demo/gallery.html]
[frontend.big-skins.com/goodwin-html-demo/gallery-2.html]
[frontend.big-skins.com/goodwin-html-demo/faq.html]
[frontend.big-skins.com/goodwin-html-demo/about.html]
[frontend.big-skins.com/goodwin-html-demo/page404.html]
[frontend.big-skins.com/goodwin-html-demo/contact.html]
[frontend.big-skins.com/goodwin-html-demo/typography.html]
[frontend.big-skins.com/goodwin-html-demo/coming-soon.html]
[frontend.big-skins.com/goodwin-html-demo/images/logo.png]
[frontend.big-skins.com/goodwin-html-demo/images/flags/en.png]
[frontend.big-skins.com/goodwin-html-demo/images/flags/sp.png]
[frontend.big-skins.com/goodwin-html-demo/images/flags/de.png]
[frontend.big-skins.com/goodwin-html-demo/images/flags/fr.png]
[frontend.big-skins.com/goodwin-html-demo/images/placeholder.png]
[frontend.big-skins.com/goodwin-html-demo/index-fashion-3.html]
[frontend.big-skins.com/goodwin-html-demo/index-fashion-4.html]
[frontend.big-skins.com/goodwin-html-demo/reviews.html]
[frontend.big-skins.com/goodwin-html-demo/compare.html]
[frontend.big-skins.com/goodwin-html-demo/images/products/product-placeholder.png]
[frontend.big-skins.com/goodwin-html-demo/collections.html]
[frontend.big-skins.com/goodwin-html-demo/images/menu/mega-banner.jpg]
[frontend.big-skins.com/goodwin-html-demo/images/home-fashion4/slide1-mobile.png]
[frontend.big-skins.com/goodwin-html-demo/images/home-fashion4/slide1.png]
[cdn.shopify.com/s/files/1/0026/0400/7539/files/goodwin-top-sellere4f5.png]
[frontend.big-skins.com/goodwin-html-demo/images/slider/slide3-mobile.jpg]
[frontend.big-skins.com/goodwin-html-demo/images/slider/slide3.jpg]
[frontend.big-skins.com/goodwin-html-demo/images/slider/slide1-mobile.jpg]
[frontend.big-skins.com/goodwin-html-demo/images/slider/slide1.jpg]
[frontend.big-skins.com/goodwin-html-demo/images/products/product-01.jpg]
[frontend.big-skins.com/goodwin-html-demo/images/products/product-01-2.jpg]
[frontend.big-skins.com/goodwin-html-demo/images/products/product-02.jpg]
[frontend.big-skins.com/goodwin-html-demo/images/products/product-02-2.jpg]
[frontend.big-skins.com/goodwin-html-demo/images/products/product-03.jpg]
[frontend.big-skins.com/goodwin-html-demo/images/products/product-03-2.jpg]
[frontend.big-skins.com/goodwin-html-demo/images/products/product-03-3.jpg]
[frontend.big-skins.com/goodwin-html-demo/images/products/product-05.jpg]
[frontend.big-skins.com/goodwin-html-demo/images/products/product-05-2.jpg]
[frontend.big-skins.com/goodwin-html-demo/images/products/product-06.jpg]
[frontend.big-skins.com/goodwin-html-demo/images/products/product-06-2.jpg]
[frontend.big-skins.com/goodwin-html-demo/images/products/product-07.jpg]
[frontend.big-skins.com/goodwin-html-demo/images/products/product-07-2.jpg]
[frontend.big-skins.com/goodwin-html-demo/images/products/product-08.jpg]
[frontend.big-skins.com/goodwin-html-demo/images/products/product-08-2.jpg]
[frontend.big-skins.com/goodwin-html-demo/images/products/product-09.jpg]
[frontend.big-skins.com/goodwin-html-demo/images/products/xsmall/product-09.jpg]
[frontend.big-skins.com/goodwin-html-demo/images/products/product-09-2.jpg]
[frontend.big-skins.com/goodwin-html-demo/images/products/xsmall/product-09-2.jpg]
[frontend.big-skins.com/goodwin-html-demo/images/products/product-10.jpg]
[frontend.big-skins.com/goodwin-html-demo/images/products/xsmall/product-10.jpg]
[frontend.big-skins.com/goodwin-html-demo/images/products/product-10-2.jpg]
[frontend.big-skins.com/goodwin-html-demo/images/products/xsmall/product-10-2.jpg]
[frontend.big-skins.com/goodwin-html-demo/images/products/product-11.jpg]
[frontend.big-skins.com/goodwin-html-demo/images/products/xsmall/product-11.jpg]
[frontend.big-skins.com/goodwin-html-demo/images/products/product-11-2.jpg]
[frontend.big-skins.com/goodwin-html-demo/images/products/xsmall/product-11-2.jpg]
[frontend.big-skins.com/goodwin-html-demo/images/blog/blog-placeholder.png]
[frontend.big-skins.com/goodwin-html-demo/images/home-fashion/banner-9.jpg]
[frontend.big-skins.com/goodwin-html-demo/images/home-fashion/banner-10.jpg]
[frontend.big-skins.com/goodwin-html-demo/images/home-fashion/banner-11.jpg]
[frontend.big-skins.com/goodwin-html-demo/images/brand/brand-logo-placeholder.png]
[frontend.big-skins.com/goodwin-html-demo/brands.html]
[frontend.big-skins.com/goodwin-html-demo/terms-of-use.html]
[frontend.big-skins.com/goodwin-html-demo/privacy-policy.html]
[frontend.big-skins.com/goodwin-html-demo/images/logo-footer-dark.png]
[frontend.big-skins.com/goodwin-html-demo/images/products/large/product-01.jpg]
[frontend.big-skins.com/goodwin-html-demo/images/products/large/product-01-2.jpg]
[frontend.big-skins.com/goodwin-html-demo/images/products/large/product-01-3.jpg]
[frontend.big-skins.com/goodwin-html-demo/images/products/product-01-3.jpg]
[frontend.big-skins.com/goodwin-html-demo/images/products/large/product-01-4.jpg]
[frontend.big-skins.com/goodwin-html-demo/images/products/product-01-4.jpg]
[frontend.big-skins.com/goodwin-html-demo/images/products/large/product-01-5.jpg]
[frontend.big-skins.com/goodwin-html-demo/images/products/product-01-5.jpg]
[frontend.big-skins.com/goodwin-html-demo/images/payment/guaranteed.png]
[frontend.big-skins.com/goodwin-html-demo/images/newsletter/newsletter-popup-fashion.png]
[frontend.big-skins.com/goodwin-html-demo/js/vendor/jquery/jquery.min.js]
[frontend.big-skins.com/goodwin-html-demo/js/vendor/bootstrap/bootstrap.bundle.min.js]
[frontend.big-skins.com/goodwin-html-demo/js/vendor/slick/slick.min.js]
[frontend.big-skins.com/goodwin-html-demo/js/vendor/scrollLock/jquery-scrollLock.min.js]
[frontend.big-skins.com/goodwin-html-demo/js/vendor/instafeed/instafeed.min.js]
[frontend.big-skins.com/goodwin-html-demo/js/vendor/countdown/jquery.countdown.min.js]
[frontend.big-skins.com/goodwin-html-demo/js/vendor/imagesloaded/imagesloaded.pkgd.min.js]
[frontend.big-skins.com/goodwin-html-demo/js/vendor/tocca/tocca.min.js]
[frontend.big-skins.com/goodwin-html-demo/js/vendor/ez-plus/jquery.ez-plus.min.js]
[frontend.big-skins.com/goodwin-html-demo/js/vendor/bootstrap-tabcollapse/bootstrap-tabcollapse.min.js]
[frontend.big-skins.com/goodwin-html-demo/js/vendor/cookie/jquery.cookie.min.js]
[frontend.big-skins.com/goodwin-html-demo/js/vendor/isotope/jquery.isotope.min.js]
[frontend.big-skins.com/goodwin-html-demo/js/vendor/lazysizes/lazysizes.min.js]
[frontend.big-skins.com/goodwin-html-demo/js/vendor/fancybox/jquery.fancybox.min.js]
[frontend.big-skins.com/goodwin-html-demo/js/vendor/bootstrap-select/bootstrap-select.min.js]
[frontend.big-skins.com/goodwin-html-demo/js/vendor/lazysizes/ls.bgset.min.js]
[frontend.big-skins.com/goodwin-html-demo/js/vendor/form/jquery.form.min.js]
[frontend.big-skins.com/goodwin-html-demo/js/vendor/form/validator.min.js]
[frontend.big-skins.com/goodwin-html-demo/index.html]
[frontend.big-skins.com/goodwin-html-demo/js/vendor/bootstrap/bootstrap.min.css]
[frontend.big-skins.com/goodwin-html-demo/js/vendor/slick/slick.min.css]
[frontend.big-skins.com/goodwin-html-demo/js/vendor/fancybox/jquery.fancybox.min.css]
[frontend.big-skins.com/goodwin-html-demo/js/vendor/slider/slider.js]
[frontend.big-skins.com/goodwin-html-demo/js/vendor/animate/animate.min.css]
[frontend.big-skins.com/goodwin-html-demo/css/cross_color.png]
[frontend.big-skins.com/goodwin-html-demo/css/cross.png]
[frontend.big-skins.com/goodwin-html-demo/css/style-light.css]
[frontend.big-skins.com/goodwin-html-demo/fonts/icomoon/fonts/icomoon543e.eot]
[frontend.big-skins.com/goodwin-html-demo/js/app.js]
[frontend.big-skins.com/goodwin-html-demo/fonts/icomoon/fonts/icomoon543e.ttf]
[frontend.big-skins.com/goodwin-html-demo/fonts/icomoon/fonts/icomoon543e.woff]
[frontend.big-skins.com/goodwin-html-demo/fonts/icomoon/icomoon.css]
[frontend.big-skins.com/goodwin-html-demo/index-2.html]
[frontend.big-skins.com/goodwin-html-demo/images/products/product-12.jpg]
[frontend.big-skins.com/goodwin-html-demo/images/products/product-12-2.jpg]
[frontend.big-skins.com/goodwin-html-demo/images/products/product-12-3.jpg]
[frontend.big-skins.com/goodwin-html-demo/images/products/product-12-4.jpg]
[frontend.big-skins.com/goodwin-html-demo/images/products/product-12-5.jpg]
[frontend.big-skins.com/goodwin-html-demo/images/products/product-13.jpg]
[frontend.big-skins.com/goodwin-html-demo/images/products/product-13-2.jpg]
[frontend.big-skins.com/goodwin-html-demo/images/products/product-14.jpg]
[frontend.big-skins.com/goodwin-html-demo/images/products/product-14-2.jpg]
[frontend.big-skins.com/goodwin-html-demo/images/products/product-15.jpg]
[frontend.big-skins.com/goodwin-html-demo/images/products/product-15-2.jpg]
[frontend.big-skins.com/goodwin-html-demo/images/products/product-18.jpg]
[frontend.big-skins.com/goodwin-html-demo/images/products/product-18-2.jpg]
[frontend.big-skins.com/goodwin-html-demo/images/products/product-19.jpg]
[frontend.big-skins.com/goodwin-html-demo/images/products/product-19-2.jpg]
[frontend.big-skins.com/goodwin-html-demo/images/products/small/product-01.jpg]
[frontend.big-skins.com/goodwin-html-demo/images/products/small/product-01-2.jpg]
[frontend.big-skins.com/goodwin-html-demo/images/products/small/product-01-3.jpg]
[frontend.big-skins.com/goodwin-html-demo/images/products/small/product-01-4.jpg]
[frontend.big-skins.com/goodwin-html-demo/images/products/small/product-01-5.jpg]
[frontend.big-skins.com/goodwin-html-demo/images/products/large/product-01-6.jpg]
[frontend.big-skins.com/goodwin-html-demo/images/products/small/product-01-6.jpg]
[frontend.big-skins.com/goodwin-html-demo/images/products/large/product-01-7.jpg]
[frontend.big-skins.com/goodwin-html-demo/images/products/small/product-01-7.jpg]
[frontend.big-skins.com/goodwin-html-demo/images/products/large/product-01-8.jpg]
[frontend.big-skins.com/goodwin-html-demo/images/products/small/product-01-8.jpg]
[frontend.big-skins.com/goodwin-html-demo/images/products/large/product-01-9.jpg]
[frontend.big-skins.com/goodwin-html-demo/images/products/small/product-01-9.jpg]
[frontend.big-skins.com/goodwin-html-demo/images/pages/size-table.png]
[frontend.big-skins.com/goodwin-html-demo/images/payment/safecheckout.png]
[frontend.big-skins.com/goodwin-html-demo/index-fashion-2.html]
[frontend.big-skins.com/goodwin-html-demo/images/logo-green.png]
[frontend.big-skins.com/goodwin-html-demo/css/style-electronics_1_light.css]
[frontend.big-skins.com/goodwin-html-demo/images/home-electronics/slider/slide-electronics-1.png]
[frontend.big-skins.com/goodwin-html-demo/images/home-electronics/slider/slide-electronics-2.jpg]
[frontend.big-skins.com/goodwin-html-demo/images/home-electronics/slider/slide-electronics-3.jpg]
[frontend.big-skins.com/goodwin-html-demo/images/products/product-25.jpg]
[frontend.big-skins.com/goodwin-html-demo/images/products/product-25-2.jpg]
[frontend.big-skins.com/goodwin-html-demo/images/products/product-26.jpg]
[frontend.big-skins.com/goodwin-html-demo/images/products/product-26-2.jpg]
[frontend.big-skins.com/goodwin-html-demo/images/products/product-27.jpg]
[frontend.big-skins.com/goodwin-html-demo/images/products/product-27-2.jpg]
[frontend.big-skins.com/goodwin-html-demo/images/products/product-28.jpg]
[frontend.big-skins.com/goodwin-html-demo/images/products/product-28-2.jpg]
[frontend.big-skins.com/goodwin-html-demo/images/products/product-29.jpg]
[frontend.big-skins.com/goodwin-html-demo/images/products/product-29-2.jpg]
[frontend.big-skins.com/goodwin-html-demo/images/products/product-30.jpg]
[frontend.big-skins.com/goodwin-html-demo/images/products/product-30-2.jpg]
[frontend.big-skins.com/goodwin-html-demo/images/products/product-31.jpg]
[frontend.big-skins.com/goodwin-html-demo/images/products/product-31-2.jpg]
[frontend.big-skins.com/goodwin-html-demo/images/verticalmenu/vmenu-bg-01.png]
[frontend.big-skins.com/goodwin-html-demo/images/verticalmenu/vmenu-bg-02.png]
[frontend.big-skins.com/goodwin-html-demo/images/payment/payment-card-visa.png]
[frontend.big-skins.com/goodwin-html-demo/images/payment/payment-card-mastecard.png]
[frontend.big-skins.com/goodwin-html-demo/images/payment/payment-card-discover.png]
[frontend.big-skins.com/goodwin-html-demo/images/payment/payment-card-american-express.png]
[frontend.big-skins.com/goodwin-html-demo/index-electronics.html]
[frontend.big-skins.com/goodwin-html-demo/images/logo-violet.png]
[frontend.big-skins.com/goodwin-html-demo/images/home-electronics2/slider/slide-electronics2-2.png]
[frontend.big-skins.com/goodwin-html-demo/css/style-electronics_2_light.css]
[frontend.big-skins.com/goodwin-html-demo/images/home-electronics2/slider/slide-electronics2-1.png]
[frontend.big-skins.com/goodwin-html-demo/images/home-electronics2/slider/slide-electronics2-3.png]
[frontend.big-skins.com/goodwin-html-demo/images/products/product-32.jpg]
[frontend.big-skins.com/goodwin-html-demo/images/products/product-33.jpg]
[frontend.big-skins.com/goodwin-html-demo/images/products/product-34.jpg]
[frontend.big-skins.com/goodwin-html-demo/images/products/product-35.jpg]
[frontend.big-skins.com/goodwin-html-demo/images/products/product-38.jpg]
[frontend.big-skins.com/goodwin-html-demo/images/products/product-39.jpg]
[frontend.big-skins.com/goodwin-html-demo/index-electronics-2.html]
[frontend.big-skins.com/goodwin-html-demo/images/logo-orange.png]
[frontend.big-skins.com/goodwin-html-demo/css/style-furniture_1_light.css]
[frontend.big-skins.com/goodwin-html-demo/images/home-furniture/slider/slide-furniture-1-mobile.png]
[frontend.big-skins.com/goodwin-html-demo/images/home-furniture/slider/slide-furniture-1.png]
[frontend.big-skins.com/goodwin-html-demo/images/home-furniture/slider/slide-furniture-2-mobile.png]
[frontend.big-skins.com/goodwin-html-demo/images/home-furniture/slider/slide-furniture-2.png]
[frontend.big-skins.com/goodwin-html-demo/images/home-furniture/slider/slide-furniture-3-mobile.png]
[frontend.big-skins.com/goodwin-html-demo/images/home-furniture/slider/slide-furniture-3.png]
[frontend.big-skins.com/goodwin-html-demo/images/products/product-41.jpg]
[frontend.big-skins.com/goodwin-html-demo/images/products/product-41-2.jpg]
[frontend.big-skins.com/goodwin-html-demo/images/products/product-41-3.jpg]
[frontend.big-skins.com/goodwin-html-demo/images/products/product-41-4.jpg]
[frontend.big-skins.com/goodwin-html-demo/images/products/product-42.jpg]
[frontend.big-skins.com/goodwin-html-demo/images/products/product-42-2.jpg]
[frontend.big-skins.com/goodwin-html-demo/images/products/product-43.jpg]
[frontend.big-skins.com/goodwin-html-demo/images/products/product-43-2.jpg]
[frontend.big-skins.com/goodwin-html-demo/images/products/product-44.jpg]
[frontend.big-skins.com/goodwin-html-demo/images/products/product-44-2.jpg]
[frontend.big-skins.com/goodwin-html-demo/images/products/product-44-3.jpg]
[frontend.big-skins.com/goodwin-html-demo/images/products/product-44-4.jpg]
[frontend.big-skins.com/goodwin-html-demo/images/products/product-45.jpg]
[frontend.big-skins.com/goodwin-html-demo/images/products/product-45-2.jpg]
[frontend.big-skins.com/goodwin-html-demo/images/products/product-45-3.jpg]
[frontend.big-skins.com/goodwin-html-demo/images/products/product-45-4.jpg]
[frontend.big-skins.com/goodwin-html-demo/images/products/product-46.jpg]
[frontend.big-skins.com/goodwin-html-demo/images/products/product-46-2.jpg]
[frontend.big-skins.com/goodwin-html-demo/images/home-furniture/img-slide-furniture-placeholder.png]
[frontend.big-skins.com/goodwin-html-demo/index-furniture.html]
[frontend.big-skins.com/goodwin-html-demo/images/logo-pink2-dark.png]
[frontend.big-skins.com/goodwin-html-demo/images/home-nutrition/slider/slide-nutrition1.jpg]
[frontend.big-skins.com/goodwin-html-demo/css/style-nutrition_1_dark.css]
[frontend.big-skins.com/goodwin-html-demo/images/home-nutrition/banner-nutrition-carousel-left.jpg]
[frontend.big-skins.com/goodwin-html-demo/images/home-nutrition/banner-nutrition-carousel-right.jpg]
[frontend.big-skins.com/goodwin-html-demo/images/footer/footer-shopfeatures-bg-1.jpg]
[frontend.big-skins.com/goodwin-html-demo/index-nutrition.html]
[frontend.big-skins.com/goodwin-html-demo/images/home-sport/slider/slide-sport2-mobile.jpg]
[frontend.big-skins.com/goodwin-html-demo/images/home-sport/slider/slide-sport2.jpg]
[frontend.big-skins.com/goodwin-html-demo/images/home-sport/slider/slide-sport1-mobile.jpg]
[frontend.big-skins.com/goodwin-html-demo/images/home-sport/slider/slide-sport1.jpg]
[frontend.big-skins.com/goodwin-html-demo/images/home-sport/slider/slide-sport3-mobile.jpg]
[frontend.big-skins.com/goodwin-html-demo/images/home-sport/slider/slide-sport3.jpg]
[frontend.big-skins.com/goodwin-html-demo/images/products/product-61.jpg]
[frontend.big-skins.com/goodwin-html-demo/images/products/product-61-2.jpg]
[frontend.big-skins.com/goodwin-html-demo/images/products/product-62.jpg]
[frontend.big-skins.com/goodwin-html-demo/images/products/product-62-2.jpg]
[frontend.big-skins.com/goodwin-html-demo/images/products/product-66.jpg]
[frontend.big-skins.com/goodwin-html-demo/images/products/product-66-2.jpg]
[frontend.big-skins.com/goodwin-html-demo/images/products/product-69.jpg]
[frontend.big-skins.com/goodwin-html-demo/images/products/product-69-2.jpg]
[frontend.big-skins.com/goodwin-html-demo/images/products/product-69-3.jpg]
[frontend.big-skins.com/goodwin-html-demo/images/products/product-69-4.jpg]
[frontend.big-skins.com/goodwin-html-demo/images/products/product-65.jpg]
[frontend.big-skins.com/goodwin-html-demo/images/products/product-65-2.jpg]
[frontend.big-skins.com/goodwin-html-demo/images/products/product-65-3.jpg]
[frontend.big-skins.com/goodwin-html-demo/images/products/product-72.jpg]
[frontend.big-skins.com/goodwin-html-demo/images/products/product-72-2.jpg]
[frontend.big-skins.com/goodwin-html-demo/images/products/product-72-3.jpg]
[frontend.big-skins.com/goodwin-html-demo/images/products/product-72-4.jpg]
[frontend.big-skins.com/goodwin-html-demo/images/products/product-72-5.jpg]
[frontend.big-skins.com/goodwin-html-demo/images/home-sport/newsletter-bg.png]
[frontend.big-skins.com/goodwin-html-demo/images/logo-footer-white.png]
[frontend.big-skins.com/goodwin-html-demo/index-sport.html]
[frontend.big-skins.com/goodwin-html-demo/images/logo-pink.png]
[frontend.big-skins.com/goodwin-html-demo/css/style-tools_1_light.css]
[frontend.big-skins.com/goodwin-html-demo/images/home-tools/slider/slider-tools-1.png]
[frontend.big-skins.com/goodwin-html-demo/images/home-tools/slider/slider-tools-2.png]
[frontend.big-skins.com/goodwin-html-demo/images/home-tools/slider/slider-tools-3.png]
[frontend.big-skins.com/goodwin-html-demo/images/products/product-81.jpg]
[frontend.big-skins.com/goodwin-html-demo/images/products/product-82.jpg]
[frontend.big-skins.com/goodwin-html-demo/images/products/product-73.jpg]
[frontend.big-skins.com/goodwin-html-demo/index-tools.html]
[frontend.big-skins.com/goodwin-html-demo/css/style-watches_1_light.css]
[frontend.big-skins.com/goodwin-html-demo/images/products/product-86.jpg]
[frontend.big-skins.com/goodwin-html-demo/images/products/product-87.jpg]
[frontend.big-skins.com/goodwin-html-demo/images/products/product-88.jpg]
[frontend.big-skins.com/goodwin-html-demo/images/products/product-89.jpg]
[frontend.big-skins.com/goodwin-html-demo/images/products/product-90.jpg]
[frontend.big-skins.com/goodwin-html-demo/images/products/product-91.jpg]
[frontend.big-skins.com/goodwin-html-demo/index-watches.html]
[frontend.big-skins.com/goodwin-html-demo/images/home-tshirts/header-tshirts-bg.jpg]
[frontend.big-skins.com/goodwin-html-demo/css/style-tshirts_1_light.css]
[frontend.big-skins.com/goodwin-html-demo/images/logo-pink1-dark.png]
[frontend.big-skins.com/goodwin-html-demo/images/home-tshirts/banner-tshirts-01.jpg]
[frontend.big-skins.com/goodwin-html-demo/images/home-tshirts/banner-tshirts-02.jpg]
[frontend.big-skins.com/goodwin-html-demo/images/home-tshirts/banner-tshirts-03.png]
[frontend.big-skins.com/goodwin-html-demo/images/home-tshirts/banner-tshirts-04.png]
[frontend.big-skins.com/goodwin-html-demo/images/home-tshirts/banner-tshirts-06.png]
[frontend.big-skins.com/goodwin-html-demo/images/home-tshirts/banner-tshirts-08.png]
[frontend.big-skins.com/goodwin-html-demo/images/home-tshirts/banner-tshirts-09.png]
[frontend.big-skins.com/goodwin-html-demo/images/home-tshirts/banner-tshirts-07.png]
[frontend.big-skins.com/goodwin-html-demo/images/home-tshirts/banner-tshirts-10.png]
[frontend.big-skins.com/goodwin-html-demo/images/products/product-101.jpg]
[frontend.big-skins.com/goodwin-html-demo/images/products/product-101-2.jpg]
[frontend.big-skins.com/goodwin-html-demo/images/products/product-104.jpg]
[frontend.big-skins.com/goodwin-html-demo/images/products/product-104-2.jpg]
[frontend.big-skins.com/goodwin-html-demo/images/products/product-104-3.jpg]
[frontend.big-skins.com/goodwin-html-demo/images/products/product-105.jpg]
[frontend.big-skins.com/goodwin-html-demo/images/products/product-105-2.jpg]
[frontend.big-skins.com/goodwin-html-demo/images/home-tshirts/left-img-1.png]
[frontend.big-skins.com/goodwin-html-demo/images/home-tshirts/left-img-2.png]
[frontend.big-skins.com/goodwin-html-demo/images/home-tshirts/right-img-1.png]
[frontend.big-skins.com/goodwin-html-demo/images/home-tshirts/right-img-2.png]
[frontend.big-skins.com/goodwin-html-demo/images/home-tshirts/footer-tshirts-bg.jpg]
[frontend.big-skins.com/goodwin-html-demo/images/home-tshirts/bg-tshirts-subscribe.png]
[frontend.big-skins.com/goodwin-html-demo/index-tshirts.html]
[frontend.big-skins.com/goodwin-html-demo/images/logo-green2.png]
[frontend.big-skins.com/goodwin-html-demo/images/home-toys2/slider/slide-toys1-mobile.png]
[frontend.big-skins.com/goodwin-html-demo/images/home-toys2/slider/slide-toys1.png]
[frontend.big-skins.com/goodwin-html-demo/css/style-toys_2_light.css]
[frontend.big-skins.com/goodwin-html-demo/images/home-toys2/slider/slide-toys2-mobile.png]
[frontend.big-skins.com/goodwin-html-demo/images/home-toys2/slider/slide-toys2.png]
[frontend.big-skins.com/goodwin-html-demo/images/home-toys2/slider/slide-toys3-mobile.png]
[frontend.big-skins.com/goodwin-html-demo/images/home-toys2/slider/slide-toys3.png]
[frontend.big-skins.com/goodwin-html-demo/images/home-toys2/product-slider-toys-placeholder.png]
[frontend.big-skins.com/goodwin-html-demo/images/home-toys2/carousel-banner-toys.png]
[frontend.big-skins.com/goodwin-html-demo/index-toys.html]
[frontend.big-skins.com/goodwin-html-demo/css/style-plumbing_1_light.css]
[frontend.big-skins.com/goodwin-html-demo/images/home-plumbing/slider/slide-plumbing2.jpg]
[frontend.big-skins.com/goodwin-html-demo/images/home-plumbing/slider/slide-plumbing3.jpg]
[frontend.big-skins.com/goodwin-html-demo/images/home-plumbing/category-plumbing-placeholder.png]
[frontend.big-skins.com/goodwin-html-demo/images/products/product-118.jpg]
[frontend.big-skins.com/goodwin-html-demo/images/products/product-118-2.jpg]
[frontend.big-skins.com/goodwin-html-demo/images/products/product-118-3.jpg]
[frontend.big-skins.com/goodwin-html-demo/images/products/product-118-4.jpg]
[frontend.big-skins.com/goodwin-html-demo/images/products/product-118-5.jpg]
[frontend.big-skins.com/goodwin-html-demo/images/products/product-119.jpg]
[frontend.big-skins.com/goodwin-html-demo/images/products/product-117.jpg]
[frontend.big-skins.com/goodwin-html-demo/images/products/product-124.jpg]
[frontend.big-skins.com/goodwin-html-demo/images/home-plumbing/slider/slide-plumbing2-1.jpg]
[frontend.big-skins.com/goodwin-html-demo/images/home-plumbing/slider/slide-plumbing2-2.jpg]
[frontend.big-skins.com/goodwin-html-demo/images/home-plumbing/slider/slide-plumbing2-3.jpg]
[frontend.big-skins.com/goodwin-html-demo/index-plumbing.html]
[frontend.big-skins.com/goodwin-html-demo/css/style-rtl.css]
[frontend.big-skins.com/goodwin-html-demo/images/slider/slide4-mobile.png]
[frontend.big-skins.com/goodwin-html-demo/images/slider/slide4.png]
[frontend.big-skins.com/goodwin-html-demo/images/slider/slide2-mobile.jpg]
[frontend.big-skins.com/goodwin-html-demo/images/slider/slide2.jpg]
[frontend.big-skins.com/goodwin-html-demo/index-rtl.html]
[frontend.big-skins.com/goodwin-html-demo/images/products/xsmall/product-02.jpg]
[frontend.big-skins.com/goodwin-html-demo/images/products/xsmall/product-03.jpg]
[frontend.big-skins.com/goodwin-html-demo/images/pages/product-post-img-1.jpg]
[frontend.big-skins.com/goodwin-html-demo/images/pages/product-post-img-2.jpg]
[frontend.big-skins.com/goodwin-html-demo/product.html]
[frontend.big-skins.com/goodwin-html-demo/product-2.html]
[frontend.big-skins.com/goodwin-html-demo/product-3.html]
[frontend.big-skins.com/goodwin-html-demo/product-4.html]
[frontend.big-skins.com/goodwin-html-demo/images/products/video/product.mp4]
[frontend.big-skins.com/goodwin-html-demo/product-5.html]
[frontend.big-skins.com/goodwin-html-demo/images/colorswatch/color-red.png]
[frontend.big-skins.com/goodwin-html-demo/images/colorswatch/color-pink.png]
[frontend.big-skins.com/goodwin-html-demo/images/colorswatch/color-violet.png]
[frontend.big-skins.com/goodwin-html-demo/images/colorswatch/color-blue.png]
[frontend.big-skins.com/goodwin-html-demo/images/colorswatch/color-marine.png]
[frontend.big-skins.com/goodwin-html-demo/images/colorswatch/color-orange.png]
[frontend.big-skins.com/goodwin-html-demo/images/colorswatch/color-yellow.png]
[frontend.big-skins.com/goodwin-html-demo/images/colorswatch/color-darkyellow.png]
[frontend.big-skins.com/goodwin-html-demo/images/colorswatch/color-black.png]
[frontend.big-skins.com/goodwin-html-demo/images/colorswatch/color-white.png]
[frontend.big-skins.com/goodwin-html-demo/images/pages/offer-banner-01.jpg]
[frontend.big-skins.com/goodwin-html-demo/images/pages/offer-banner-02.jpg]
[frontend.big-skins.com/goodwin-html-demo/ajax-products-load.html]
[frontend.big-skins.com/goodwin-html-demo/category.html]
[frontend.big-skins.com/goodwin-html-demo/category-right-column.html]
[frontend.big-skins.com/goodwin-html-demo/images/home-fashion/banner-1.jpg]
[frontend.big-skins.com/goodwin-html-demo/images/home-fashion/banner-2.jpg]
[frontend.big-skins.com/goodwin-html-demo/category-with-description.html]
[frontend.big-skins.com/goodwin-html-demo/category-no-filters.html]
[frontend.big-skins.com/goodwin-html-demo/category-empty.html]
[frontend.big-skins.com/goodwin-html-demo/images/products/xsmall/product-05.jpg]
[frontend.big-skins.com/goodwin-html-demo/images/products/xsmall/product-14.jpg]
[frontend.big-skins.com/goodwin-html-demo/cart.html]
[frontend.big-skins.com/goodwin-html-demo/cart-2.html]
[frontend.big-skins.com/goodwin-html-demo/checkout.html]
[frontend.big-skins.com/goodwin-html-demo/checkout-2.html]
[frontend.big-skins.com/goodwin-html-demo/checkout-3.html]
[frontend.big-skins.com/goodwin-html-demo/account-create.html]
[frontend.big-skins.com/goodwin-html-demo/login.html]
[frontend.big-skins.com/goodwin-html-demo/account-details.html]
[frontend.big-skins.com/goodwin-html-demo/account-addresses.html]
[frontend.big-skins.com/goodwin-html-demo/account-history.html]
[frontend.big-skins.com/goodwin-html-demo/account-wishlist.html]
[frontend.big-skins.com/goodwin-html-demo/images/blog/blog-img-1.jpg]
[frontend.big-skins.com/goodwin-html-demo/images/blog/blog-img-2.jpg]
[frontend.big-skins.com/goodwin-html-demo/images/blog/blog-img-3.jpg]
[frontend.big-skins.com/goodwin-html-demo/images/blog/blog-img-4.jpg]
[frontend.big-skins.com/goodwin-html-demo/images/blog/blog-img-5.jpg]
[frontend.big-skins.com/goodwin-html-demo/blog.html]
[frontend.big-skins.com/goodwin-html-demo/blog-left-column.html]
[frontend.big-skins.com/goodwin-html-demo/blog-fixed-column.html]
[frontend.big-skins.com/goodwin-html-demo/images/blog/blog-img-6.jpg]
[frontend.big-skins.com/goodwin-html-demo/images/blog/blog-img-7.jpg]
[frontend.big-skins.com/goodwin-html-demo/images/blog/blog-img-8.jpg]
[frontend.big-skins.com/goodwin-html-demo/blog-grid-2.html]
[frontend.big-skins.com/goodwin-html-demo/blog-grid-3.html]
[frontend.big-skins.com/goodwin-html-demo/blog-grid-4.html]
[frontend.big-skins.com/goodwin-html-demo/images/pages/blockquote-author.png]
[frontend.big-skins.com/goodwin-html-demo/images/pages/comment-author.png]
[frontend.big-skins.com/goodwin-html-demo/images/pages/comment-author-2.png]
[frontend.big-skins.com/goodwin-html-demo/images/pages/comment-author-3.png]
[frontend.big-skins.com/goodwin-html-demo/blog-post.html]
[frontend.big-skins.com/goodwin-html-demo/images/gallery/gallery-thumb-1.png]
[frontend.big-skins.com/goodwin-html-demo/images/gallery/gallery-thumb-2.png]
[frontend.big-skins.com/goodwin-html-demo/images/gallery/gallery-thumb-3.png]
[frontend.big-skins.com/goodwin-html-demo/images/gallery/gallery-thumb-4.png]
[frontend.big-skins.com/goodwin-html-demo/images/gallery/gallery-thumb-5.png]
[frontend.big-skins.com/goodwin-html-demo/images/gallery/gallery-thumb-6.png]
[frontend.big-skins.com/goodwin-html-demo/gallery.html]
[frontend.big-skins.com/goodwin-html-demo/gallery-2.html]
[frontend.big-skins.com/goodwin-html-demo/images/pages/faq-img-01.png]
[frontend.big-skins.com/goodwin-html-demo/faq.html]
[frontend.big-skins.com/goodwin-html-demo/images/pages/about-text-bg.jpg]
[frontend.big-skins.com/goodwin-html-demo/images/logo-lg.png]
[frontend.big-skins.com/goodwin-html-demo/images/pages/img-history-01.jpg]
[frontend.big-skins.com/goodwin-html-demo/images/pages/img-history-02.jpg]
[frontend.big-skins.com/goodwin-html-demo/images/pages/img-history-03.jpg]
[frontend.big-skins.com/goodwin-html-demo/images/pages/img-history-04.jpg]
[frontend.big-skins.com/goodwin-html-demo/images/pages/img-history-05.jpg]
[frontend.big-skins.com/goodwin-html-demo/images/pages/img-history-06.jpg]
[frontend.big-skins.com/goodwin-html-demo/images/pages/img-history-07.jpg]
[frontend.big-skins.com/goodwin-html-demo/images/pages/img-history-08.jpg]
[frontend.big-skins.com/goodwin-html-demo/images/pages/img-person-01.jpg]
[frontend.big-skins.com/goodwin-html-demo/images/pages/img-person-02.jpg]
[frontend.big-skins.com/goodwin-html-demo/images/pages/img-person-03.jpg]
[frontend.big-skins.com/goodwin-html-demo/images/pages/img-person-04.jpg]
[frontend.big-skins.com/goodwin-html-demo/images/pages/img-person-05.jpg]
[frontend.big-skins.com/goodwin-html-demo/images/pages/img-person-06.jpg]
[frontend.big-skins.com/goodwin-html-demo/about.html]
[frontend.big-skins.com/goodwin-html-demo/contact.html]
[frontend.big-skins.com/goodwin-html-demo/page404.html]
[frontend.big-skins.com/goodwin-html-demo/images/pages/bnr-typography-demo.jpg]
[frontend.big-skins.com/goodwin-html-demo/typography.html]
[frontend.big-skins.com/goodwin-html-demo/images/pages/coming-soon-bg.jpg]
[frontend.big-skins.com/goodwin-html-demo/images/logo-xl.png]
[frontend.big-skins.com/goodwin-html-demo/coming-soon.html]
[frontend.big-skins.com/goodwin-html-demo/images/logo-black.png]
[frontend.big-skins.com/goodwin-html-demo/css/style-fashion_3_light.css]
[frontend.big-skins.com/goodwin-html-demo/images/home-fashion3/slide1-mobile.png]
[frontend.big-skins.com/goodwin-html-demo/images/home-fashion3/slide1.png]
[frontend.big-skins.com/goodwin-html-demo/images/home-fashion3/slide2-mobile.png]
[frontend.big-skins.com/goodwin-html-demo/images/home-fashion3/slide2.png]
[frontend.big-skins.com/goodwin-html-demo/images/home-fashion3/slide3-mobile.png]
[frontend.big-skins.com/goodwin-html-demo/images/home-fashion3/slide3.png]
[frontend.big-skins.com/goodwin-html-demo/images/home-fashion3/category-fashion3-1.png]
[frontend.big-skins.com/goodwin-html-demo/images/home-fashion3/category-fashion3-2.png]
[frontend.big-skins.com/goodwin-html-demo/images/home-fashion3/category-fashion3-3.png]
[frontend.big-skins.com/goodwin-html-demo/images/home-fashion3/bnr-fashion3-1.png]
[frontend.big-skins.com/goodwin-html-demo/images/home-fashion3/bnr-fashion3-2.png]
[frontend.big-skins.com/goodwin-html-demo/images/home-fashion3/bnr-fashion3-3.png]
[frontend.big-skins.com/goodwin-html-demo/images/home-fashion3/bnr-fashion3-4.png]
[frontend.big-skins.com/goodwin-html-demo/images/home-fashion3/category-fashion3-4.png]
[frontend.big-skins.com/goodwin-html-demo/images/home-fashion3/category-fashion3-5.png]
[frontend.big-skins.com/goodwin-html-demo/index-fashion-3.html]
[frontend.big-skins.com/goodwin-html-demo/images/home-fashion4/slide2-mobile.png]
[frontend.big-skins.com/goodwin-html-demo/images/home-fashion4/slide2.png]
[frontend.big-skins.com/goodwin-html-demo/images/home-fashion4/bnr-fashion4-1.png]
[frontend.big-skins.com/goodwin-html-demo/images/home-fashion4/bnr-fashion4-2.png]
[frontend.big-skins.com/goodwin-html-demo/images/home-fashion4/bnr-fashion4-3.png]
[frontend.big-skins.com/goodwin-html-demo/images/home-fashion4/bnr-fashion4-4.png]
[frontend.big-skins.com/goodwin-html-demo/images/home-fashion4/bnr-fashion4-5.png]
[frontend.big-skins.com/goodwin-html-demo/index-fashion-4.html]
[frontend.big-skins.com/goodwin-html-demo/reviews.html]
[frontend.big-skins.com/goodwin-html-demo/compare.html]
[frontend.big-skins.com/goodwin-html-demo/collections.html]
[frontend.big-skins.com/goodwin-html-demo/images/brand/brand-logo-01.png]
[frontend.big-skins.com/goodwin-html-demo/images/brand/brand-logo-02.png]
[frontend.big-skins.com/goodwin-html-demo/images/brand/brand-logo-03.png]
[frontend.big-skins.com/goodwin-html-demo/images/brand/brand-logo-04.png]
[frontend.big-skins.com/goodwin-html-demo/images/brand/brand-logo-05.png]
[frontend.big-skins.com/goodwin-html-demo/images/brand/brand-logo-06.png]
[frontend.big-skins.com/goodwin-html-demo/images/brand/brand-logo-07.png]
[frontend.big-skins.com/goodwin-html-demo/images/brand/brand-logo-08.png]
[frontend.big-skins.com/goodwin-html-demo/images/brand/brand-logo-09.png]
[frontend.big-skins.com/goodwin-html-demo/images/brand/brand-logo-10.png]
[frontend.big-skins.com/goodwin-html-demo/images/brand/brand-logo-11.png]
[frontend.big-skins.com/goodwin-html-demo/images/brand/brand-logo-12.png]
[frontend.big-skins.com/goodwin-html-demo/images/brand/brand-logo-13.png]
[frontend.big-skins.com/goodwin-html-demo/images/brand/brand-logo-14.png]
[frontend.big-skins.com/goodwin-html-demo/images/brand/brand-logo-15.png]
[frontend.big-skins.com/goodwin-html-demo/images/brand/brand-logo-16.png]
[frontend.big-skins.com/goodwin-html-demo/images/brand/brand-logo-17.png]
[frontend.big-skins.com/goodwin-html-demo/images/brand/brand-logo-18.png]
[frontend.big-skins.com/goodwin-html-demo/images/brand/brand-logo-19.png]
[frontend.big-skins.com/goodwin-html-demo/images/brand/brand-logo-20.png]
[frontend.big-skins.com/goodwin-html-demo/images/brand/brand-logo-21.png]
[frontend.big-skins.com/goodwin-html-demo/brands.html]
[frontend.big-skins.com/goodwin-html-demo/terms-of-use.html]
[frontend.big-skins.com/goodwin-html-demo/privacy-policy.html]
[frontend.big-skins.com/goodwin-html-demo/fonts/icomoon/fonts/icomoon543e.svg]
[frontend.big-skins.com/goodwin-html-demo/css/style-electronics_1_light.css]
[frontend.big-skins.com/goodwin-html-demo/css/style-electronics_2_light.css]
[frontend.big-skins.com/goodwin-html-demo/css/style-furniture_1_light.css]
[frontend.big-skins.com/goodwin-html-demo/css/style-nutrition_1_dark.css]
[frontend.big-skins.com/goodwin-html-demo/css/style-tools_1_light.css]
[frontend.big-skins.com/goodwin-html-demo/css/style-watches_1_light.css]
[frontend.big-skins.com/goodwin-html-demo/images/home-watсhes/slider/slide-watches3-mobile.html]
[frontend.big-skins.com/goodwin-html-demo/images/home-watсhes/slider/slide-watches1.html]
[frontend.big-skins.com/goodwin-html-demo/images/home-watсhes/slider/slide-watches2-mobile.html]
[frontend.big-skins.com/goodwin-html-demo/images/home-watсhes/slider/slide-watches2.html]
[frontend.big-skins.com/goodwin-html-demo/images/home-watсhes/slider/slide-watches3.html]
[frontend.big-skins.com/goodwin-html-demo/images/home-watсhes/collection-women.html]
[frontend.big-skins.com/goodwin-html-demo/images/home-watсhes/collection-men.html]
[frontend.big-skins.com/goodwin-html-demo/images/home-watсhes/coming-soon-bg.html]
[frontend.big-skins.com/goodwin-html-demo/images/home-watсhes/instagram-right-img.html]
[frontend.big-skins.com/goodwin-html-demo/images/home-nutrition/slider/slide-nutrition1.jpg]
[frontend.big-skins.com/goodwin-html-demo/images/home-tshirts/header-tshirts-bg-dark.jpg]
[frontend.big-skins.com/goodwin-html-demo/images/home-tshirts/bg-tshirts-carousel.jpg]
[frontend.big-skins.com/goodwin-html-demo/images/home-tshirts/bg-tshirts-carousel-dark.jpg]
[frontend.big-skins.com/goodwin-html-demo/css/style-tshirts_1_light.css]
[frontend.big-skins.com/goodwin-html-demo/images/home-tshirts/banner-tshirts-05.png]
[frontend.big-skins.com/goodwin-html-demo/css/style-toys_2_light.css]
[frontend.big-skins.com/goodwin-html-demo/css/style-plumbing_1_light.css]
[frontend.big-skins.com/goodwin-html-demo/images/home-plumbing/slider/slide-plumbing2.jpg]
[frontend.big-skins.com/goodwin-html-demo/images/home-plumbing/slider/slide-plumbing1.jpg]
[frontend.big-skins.com/goodwin-html-demo/css/style-rtl.css]
[frontend.big-skins.com/goodwin-html-demo/ajax-products-load.html]
[frontend.big-skins.com/goodwin-html-demo/images/gallery/gallery-thumb-1.png]
[frontend.big-skins.com/goodwin-html-demo/images/gallery/gallery-thumb-3.png]
[frontend.big-skins.com/goodwin-html-demo/images/gallery/gallery-thumb-5.png]
[frontend.big-skins.com/goodwin-html-demo/css/style-fashion_3_light.css]
[frontend.big-skins.com/goodwin-html-demo/images/home-fashion3/slide3-mobile.png]
[frontend.big-skins.com/goodwin-html-demo/images/home-fashion3/category-fashion3-3.png]
